mode: set
github.com/kuoss/venti/server/alerting.go:49.25,52.2 2 0
github.com/kuoss/venti/server/alerting.go:54.22,55.6 1 0
github.com/kuoss/venti/server/alerting.go:55.6,59.3 3 0
github.com/kuoss/venti/server/alerting.go:62.18,65.40 3 0
github.com/kuoss/venti/server/alerting.go:65.40,67.36 2 0
github.com/kuoss/venti/server/alerting.go:67.36,75.18 5 0
github.com/kuoss/venti/server/alerting.go:75.18,77.13 2 0
github.com/kuoss/venti/server/alerting.go:79.4,81.18 3 0
github.com/kuoss/venti/server/alerting.go:81.18,83.13 2 0
github.com/kuoss/venti/server/alerting.go:85.4,85.39 1 0
github.com/kuoss/venti/server/alerting.go:85.39,87.13 2 0
github.com/kuoss/venti/server/alerting.go:89.4,89.40 1 0
github.com/kuoss/venti/server/alerting.go:89.40,93.13 3 0
github.com/kuoss/venti/server/alerting.go:95.4,95.47 1 0
github.com/kuoss/venti/server/alerting.go:95.47,97.5 1 0
github.com/kuoss/venti/server/alerting.go:99.4,99.76 1 0
github.com/kuoss/venti/server/alerting.go:99.76,101.13 2 0
github.com/kuoss/venti/server/alerting.go:104.4,105.75 2 0
github.com/kuoss/venti/server/alerting.go:108.2,108.26 1 0
github.com/kuoss/venti/server/alerting.go:111.87,118.16 7 0
github.com/kuoss/venti/server/alerting.go:118.16,121.3 2 0
github.com/kuoss/venti/server/alerting.go:122.2,123.16 2 0
github.com/kuoss/venti/server/alerting.go:123.16,126.3 2 0
github.com/kuoss/venti/server/alerting.go:127.2,127.21 1 0
github.com/kuoss/venti/server/alerting.go:130.63,133.55 3 0
github.com/kuoss/venti/server/alerting.go:133.55,135.3 1 0
github.com/kuoss/venti/server/alerting.go:136.2,136.47 1 0
github.com/kuoss/venti/server/alerting.go:136.47,143.3 2 0
github.com/kuoss/venti/server/alerting.go:144.2,145.42 2 0
github.com/kuoss/venti/server/alerting.go:145.42,148.33 2 0
github.com/kuoss/venti/server/alerting.go:148.33,150.4 1 0
github.com/kuoss/venti/server/alerting.go:151.3,151.38 1 0
github.com/kuoss/venti/server/alerting.go:151.38,153.4 1 0
github.com/kuoss/venti/server/alerting.go:154.3,156.33 2 0
github.com/kuoss/venti/server/alerting.go:158.2,158.15 1 0
github.com/kuoss/venti/server/alerting.go:161.33,162.21 1 0
github.com/kuoss/venti/server/alerting.go:162.21,164.3 1 0
github.com/kuoss/venti/server/alerting.go:165.2,166.16 2 0
github.com/kuoss/venti/server/alerting.go:166.16,169.3 2 0
github.com/kuoss/venti/server/alerting.go:170.2,172.16 3 0
github.com/kuoss/venti/server/alerting.go:172.16,175.3 2 0
github.com/kuoss/venti/server/alerting.go:176.2,176.50 1 0
github.com/kuoss/venti/server/auth.go:15.28,18.38 3 0
github.com/kuoss/venti/server/auth.go:18.38,25.3 2 0
github.com/kuoss/venti/server/auth.go:27.2,29.16 3 0
github.com/kuoss/venti/server/auth.go:29.16,30.41 1 0
github.com/kuoss/venti/server/auth.go:30.41,41.4 5 0
github.com/kuoss/venti/server/auth.go:43.2,48.4 2 0
github.com/kuoss/venti/server/auth.go:51.54,53.2 1 0
github.com/kuoss/venti/server/auth.go:55.29,60.2 2 0
github.com/kuoss/venti/server/auth.go:62.41,64.57 2 0
github.com/kuoss/venti/server/auth.go:64.57,66.3 1 0
github.com/kuoss/venti/server/auth.go:67.2,71.16 5 0
github.com/kuoss/venti/server/auth.go:71.16,73.3 1 0
github.com/kuoss/venti/server/auth.go:74.2,77.16 4 0
github.com/kuoss/venti/server/auth.go:81.36,89.57 2 0
github.com/kuoss/venti/server/auth.go:89.57,93.3 3 0
github.com/kuoss/venti/server/auth.go:94.2,98.16 5 0
github.com/kuoss/venti/server/auth.go:98.16,102.3 3 0
github.com/kuoss/venti/server/auth.go:103.2,103.42 1 0
github.com/kuoss/venti/server/auth.go:103.42,107.3 3 0
github.com/kuoss/venti/server/auth.go:108.2,108.10 1 0
github.com/kuoss/venti/server/auth.go:111.35,112.61 1 0
github.com/kuoss/venti/server/auth.go:112.61,114.3 1 0
github.com/kuoss/venti/server/auth.go:114.8,120.3 5 0
github.com/kuoss/venti/server/auth.go:121.2,122.19 2 0
github.com/kuoss/venti/server/config.go:19.33,24.16 5 1
github.com/kuoss/venti/server/config.go:24.16,26.3 1 1
github.com/kuoss/venti/server/config.go:27.2,28.16 2 1
github.com/kuoss/venti/server/config.go:28.16,30.3 1 1
github.com/kuoss/venti/server/config.go:31.2,33.23 3 1
github.com/kuoss/venti/server/config.go:36.25,38.2 1 1
github.com/kuoss/venti/server/config.go:40.30,42.16 2 1
github.com/kuoss/venti/server/config.go:42.16,44.3 1 1
github.com/kuoss/venti/server/config.go:45.2,45.74 1 0
github.com/kuoss/venti/server/config.go:45.74,47.3 1 0
github.com/kuoss/venti/server/config.go:48.2,49.12 2 0
github.com/kuoss/venti/server/config.go:52.36,54.16 2 1
github.com/kuoss/venti/server/config.go:54.16,56.3 1 1
github.com/kuoss/venti/server/config.go:57.2,57.77 1 0
github.com/kuoss/venti/server/config.go:57.77,59.3 1 0
github.com/kuoss/venti/server/config.go:60.2,61.60 2 0
github.com/kuoss/venti/server/config.go:61.60,63.3 1 0
github.com/kuoss/venti/server/config.go:64.2,65.12 2 0
github.com/kuoss/venti/server/config.go:68.55,70.79 2 1
github.com/kuoss/venti/server/config.go:70.79,71.15 1 1
github.com/kuoss/venti/server/config.go:71.15,73.4 1 0
github.com/kuoss/venti/server/config.go:74.3,74.13 1 1
github.com/kuoss/venti/server/config.go:76.2,76.16 1 1
github.com/kuoss/venti/server/config.go:79.23,82.61 2 1
github.com/kuoss/venti/server/config.go:82.61,84.3 1 1
github.com/kuoss/venti/server/config.go:88.2,91.37 3 1
github.com/kuoss/venti/server/config.go:91.37,93.17 2 0
github.com/kuoss/venti/server/config.go:93.17,95.4 1 0
github.com/kuoss/venti/server/config.go:96.3,96.63 1 0
github.com/kuoss/venti/server/config.go:96.63,98.4 1 0
github.com/kuoss/venti/server/config.go:99.3,100.66 2 0
github.com/kuoss/venti/server/config.go:104.28,106.16 2 1
github.com/kuoss/venti/server/config.go:106.16,108.3 1 0
github.com/kuoss/venti/server/config.go:110.2,111.37 2 1
github.com/kuoss/venti/server/config.go:111.37,113.17 2 0
github.com/kuoss/venti/server/config.go:113.17,115.4 1 0
github.com/kuoss/venti/server/config.go:116.3,117.72 2 0
github.com/kuoss/venti/server/config.go:117.72,119.4 1 0
github.com/kuoss/venti/server/config.go:121.3,122.60 2 0
github.com/kuoss/venti/server/config.go:126.2,126.40 1 1
github.com/kuoss/venti/server/config.go:126.40,128.36 2 0
github.com/kuoss/venti/server/config.go:128.36,129.41 1 0
github.com/kuoss/venti/server/config.go:129.41,130.27 1 0
github.com/kuoss/venti/server/config.go:130.27,132.14 2 0
github.com/kuoss/venti/server/config.go:134.5,134.47 1 0
github.com/kuoss/venti/server/config.go:134.47,136.6 1 0
github.com/kuoss/venti/server/config.go:140.2,140.42 1 1
github.com/kuoss/venti/server/config.go:143.44,145.2 1 0
github.com/kuoss/venti/server/config.go:147.36,149.2 1 0
github.com/kuoss/venti/server/config.go:151.67,153.2 1 0
github.com/kuoss/venti/server/datasourceStore.go:18.79,23.2 4 1
github.com/kuoss/venti/server/datasourceStore.go:25.57,27.2 1 1
github.com/kuoss/venti/server/datasourceStore.go:29.88,30.35 1 0
github.com/kuoss/venti/server/datasourceStore.go:30.35,31.37 1 0
github.com/kuoss/venti/server/datasourceStore.go:31.37,33.4 1 0
github.com/kuoss/venti/server/datasourceStore.go:35.2,35.73 1 0
github.com/kuoss/venti/server/datasourceStore.go:38.45,40.43 2 1
github.com/kuoss/venti/server/datasourceStore.go:40.43,42.17 2 1
github.com/kuoss/venti/server/datasourceStore.go:42.17,44.4 1 1
github.com/kuoss/venti/server/datasourceStore.go:44.9,47.4 2 0
github.com/kuoss/venti/server/datasourceStore.go:51.68,53.16 2 1
github.com/kuoss/venti/server/datasourceStore.go:53.16,55.3 1 1
github.com/kuoss/venti/server/datasourceStore.go:56.2,57.16 2 0
github.com/kuoss/venti/server/datasourceStore.go:57.16,59.3 1 0
github.com/kuoss/venti/server/datasourceStore.go:61.2,62.16 2 0
github.com/kuoss/venti/server/datasourceStore.go:62.16,64.3 1 0
github.com/kuoss/venti/server/datasourceStore.go:65.2,65.28 1 0
github.com/kuoss/venti/server/datasourceStore.go:68.90,71.35 2 1
github.com/kuoss/venti/server/datasourceStore.go:71.35,75.47 2 1
github.com/kuoss/venti/server/datasourceStore.go:75.47,76.58 1 0
github.com/kuoss/venti/server/datasourceStore.go:76.58,77.13 1 0
github.com/kuoss/venti/server/datasourceStore.go:79.4,79.49 1 0
github.com/kuoss/venti/server/datasourceStore.go:79.49,81.10 2 0
github.com/kuoss/venti/server/datasourceStore.go:83.4,83.44 1 0
github.com/kuoss/venti/server/datasourceStore.go:83.44,85.10 2 0
github.com/kuoss/venti/server/datasourceStore.go:89.3,89.114 1 1
github.com/kuoss/venti/server/datasourceStore.go:89.114,91.4 1 1
github.com/kuoss/venti/server/datasourceStore.go:93.3,93.104 1 1
github.com/kuoss/venti/server/datasourceStore.go:93.104,95.4 1 1
github.com/kuoss/venti/server/datasourceStore.go:97.3,97.32 1 1
github.com/kuoss/venti/server/datasourceStore.go:97.32,98.12 1 0
github.com/kuoss/venti/server/datasourceStore.go:102.3,103.74 2 1
github.com/kuoss/venti/server/datasourceStore.go:103.74,105.4 1 0
github.com/kuoss/venti/server/datasourceStore.go:108.3,109.43 2 1
github.com/kuoss/venti/server/datasourceStore.go:109.43,110.27 1 1
github.com/kuoss/venti/server/datasourceStore.go:110.27,112.10 2 1
github.com/kuoss/venti/server/datasourceStore.go:115.3,115.22 1 1
github.com/kuoss/venti/server/datasourceStore.go:115.22,117.4 1 1
github.com/kuoss/venti/server/datasourceStore.go:119.3,125.5 1 1
github.com/kuoss/venti/server/datasourceStore.go:127.2,127.20 1 1
github.com/kuoss/venti/server/datasourceStore.go:130.51,133.35 3 1
github.com/kuoss/venti/server/datasourceStore.go:133.35,134.20 1 0
github.com/kuoss/venti/server/datasourceStore.go:134.20,135.12 1 0
github.com/kuoss/venti/server/datasourceStore.go:137.3,137.18 1 0
github.com/kuoss/venti/server/datasourceStore.go:138.33,140.12 2 0
github.com/kuoss/venti/server/datasourceStore.go:141.28,143.12 2 0
github.com/kuoss/venti/server/datasourceStore.go:146.2,146.30 1 1
github.com/kuoss/venti/server/datasourceStore.go:146.30,147.36 1 1
github.com/kuoss/venti/server/datasourceStore.go:147.36,148.43 1 0
github.com/kuoss/venti/server/datasourceStore.go:148.43,150.10 2 0
github.com/kuoss/venti/server/datasourceStore.go:154.2,154.25 1 1
github.com/kuoss/venti/server/datasourceStore.go:154.25,155.36 1 1
github.com/kuoss/venti/server/datasourceStore.go:155.36,156.38 1 0
github.com/kuoss/venti/server/datasourceStore.go:156.38,158.10 2 0
github.com/kuoss/venti/server/db.go:12.15,18.16 4 0
github.com/kuoss/venti/server/db.go:18.16,20.3 1 0
github.com/kuoss/venti/server/db.go:23.2,27.62 2 0
github.com/kuoss/venti/server/db.go:27.62,30.31 3 0
github.com/kuoss/venti/server/db.go:30.31,33.4 2 0
github.com/kuoss/venti/server/db.go:33.9,35.33 2 0
github.com/kuoss/venti/server/db.go:35.33,39.5 3 0
github.com/kuoss/venti/server/handleSPA.go:10.34,13.30 3 0
github.com/kuoss/venti/server/handleSPA.go:13.30,14.49 1 0
github.com/kuoss/venti/server/handleSPA.go:14.49,16.4 1 0
github.com/kuoss/venti/server/handleSPA.go:17.3,18.12 2 0
github.com/kuoss/venti/server/httpClient.go:11.13,13.2 1 1
github.com/kuoss/venti/server/httpClient.go:15.68,17.16 2 0
github.com/kuoss/venti/server/httpClient.go:17.16,19.3 1 0
github.com/kuoss/venti/server/httpClient.go:20.2,21.27 2 0
github.com/kuoss/venti/server/httpClient.go:21.27,23.3 1 0
github.com/kuoss/venti/server/httpClient.go:24.2,26.16 3 0
github.com/kuoss/venti/server/httpClient.go:26.16,28.3 1 0
github.com/kuoss/venti/server/httpClient.go:29.2,30.16 2 0
github.com/kuoss/venti/server/httpClient.go:30.16,32.3 1 0
github.com/kuoss/venti/server/httpClient.go:33.2,33.31 1 0
github.com/kuoss/venti/server/httpQuery.go:37.47,39.35 2 0
github.com/kuoss/venti/server/httpQuery.go:39.35,42.17 3 0
github.com/kuoss/venti/server/httpQuery.go:42.17,44.4 1 0
github.com/kuoss/venti/server/httpQuery.go:46.2,47.16 2 0
github.com/kuoss/venti/server/httpQuery.go:47.16,49.3 1 0
github.com/kuoss/venti/server/httpQuery.go:50.2,51.36 2 0
github.com/kuoss/venti/server/httpQuery.go:51.36,53.3 1 0
github.com/kuoss/venti/server/httpQuery.go:54.2,57.16 4 0
github.com/kuoss/venti/server/httpQuery.go:57.16,59.3 1 0
github.com/kuoss/venti/server/httpQuery.go:60.2,60.18 1 0
github.com/kuoss/venti/server/httpQuery.go:60.18,62.3 1 0
github.com/kuoss/venti/server/httpQuery.go:63.2,65.16 3 0
github.com/kuoss/venti/server/httpQuery.go:65.16,67.3 1 0
github.com/kuoss/venti/server/httpQuery.go:68.2,69.16 2 0
github.com/kuoss/venti/server/httpQuery.go:69.16,71.3 1 0
github.com/kuoss/venti/server/httpQuery.go:72.2,72.26 1 0
github.com/kuoss/venti/server/httpQuery.go:75.50,84.2 1 0
github.com/kuoss/venti/server/httpQuery.go:86.48,97.2 1 0
github.com/kuoss/venti/server/routes_api_alerts.go:7.44,8.42 1 0
github.com/kuoss/venti/server/routes_api_alerts.go:8.42,10.3 1 0
github.com/kuoss/venti/server/routes_api_config.go:8.44,9.50 1 0
github.com/kuoss/venti/server/routes_api_config.go:9.50,11.3 1 0
github.com/kuoss/venti/server/routes_api_config.go:13.2,13.53 1 0
github.com/kuoss/venti/server/routes_api_config.go:13.53,15.3 1 0
github.com/kuoss/venti/server/routes_api_config.go:17.2,17.58 1 0
github.com/kuoss/venti/server/routes_api_config.go:17.58,19.17 2 0
github.com/kuoss/venti/server/routes_api_config.go:19.17,21.4 1 0
github.com/kuoss/venti/server/routes_api_config.go:22.3,24.5 1 0
github.com/kuoss/venti/server/routes_api_datasources.go:13.49,14.47 1 0
github.com/kuoss/venti/server/routes_api_datasources.go:14.47,17.3 2 0
github.com/kuoss/venti/server/routes_api_datasources.go:18.2,18.55 1 0
github.com/kuoss/venti/server/routes_api_datasources.go:18.55,21.34 3 0
github.com/kuoss/venti/server/routes_api_datasources.go:21.34,27.18 6 0
github.com/kuoss/venti/server/routes_api_datasources.go:27.18,29.13 2 0
github.com/kuoss/venti/server/routes_api_datasources.go:31.4,31.20 1 0
github.com/kuoss/venti/server/routes_api_datasources.go:31.20,33.5 1 0
github.com/kuoss/venti/server/routes_api_datasources.go:34.4,36.18 3 0
github.com/kuoss/venti/server/routes_api_datasources.go:36.18,38.5 1 0
github.com/kuoss/venti/server/routes_api_datasources.go:38.10,40.19 2 0
github.com/kuoss/venti/server/routes_api_datasources.go:40.19,42.6 1 0
github.com/kuoss/venti/server/routes_api_datasources.go:42.11,43.42 1 0
github.com/kuoss/venti/server/routes_api_datasources.go:43.42,45.7 1 0
github.com/kuoss/venti/server/routes_api_datasources.go:45.12,47.7 1 0
github.com/kuoss/venti/server/routes_api_datasources.go:50.4,50.33 1 0
github.com/kuoss/venti/server/routes_api_datasources.go:52.3,52.22 1 0
github.com/kuoss/venti/server/routes_api_lethe.go:7.43,9.50 1 0
github.com/kuoss/venti/server/routes_api_lethe.go:9.50,14.17 2 0
github.com/kuoss/venti/server/routes_api_lethe.go:14.17,16.4 1 0
github.com/kuoss/venti/server/routes_api_lethe.go:17.3,17.24 1 0
github.com/kuoss/venti/server/routes_api_lethe.go:20.2,20.47 1 0
github.com/kuoss/venti/server/routes_api_lethe.go:20.47,26.17 2 0
github.com/kuoss/venti/server/routes_api_lethe.go:26.17,28.4 1 0
github.com/kuoss/venti/server/routes_api_lethe.go:29.3,29.24 1 0
github.com/kuoss/venti/server/routes_api_lethe.go:32.2,32.53 1 0
github.com/kuoss/venti/server/routes_api_lethe.go:32.53,40.17 2 0
github.com/kuoss/venti/server/routes_api_lethe.go:40.17,42.4 1 0
github.com/kuoss/venti/server/routes_api_lethe.go:43.3,43.24 1 0
github.com/kuoss/venti/server/routes_api_prometheus.go:8.48,10.51 1 0
github.com/kuoss/venti/server/routes_api_prometheus.go:10.51,15.17 2 0
github.com/kuoss/venti/server/routes_api_prometheus.go:15.17,17.4 1 0
github.com/kuoss/venti/server/routes_api_prometheus.go:18.3,18.24 1 0
github.com/kuoss/venti/server/routes_api_prometheus.go:21.2,21.57 1 0
github.com/kuoss/venti/server/routes_api_prometheus.go:21.57,26.17 2 0
github.com/kuoss/venti/server/routes_api_prometheus.go:26.17,28.4 1 0
github.com/kuoss/venti/server/routes_api_prometheus.go:29.3,29.24 1 0
github.com/kuoss/venti/server/routes_api_prometheus.go:32.2,32.62 1 0
github.com/kuoss/venti/server/routes_api_prometheus.go:32.62,37.17 2 0
github.com/kuoss/venti/server/routes_api_prometheus.go:37.17,39.4 1 0
github.com/kuoss/venti/server/routes_api_prometheus.go:40.3,40.24 1 0
github.com/kuoss/venti/server/routes_api_prometheus.go:43.2,43.52 1 0
github.com/kuoss/venti/server/routes_api_prometheus.go:43.52,48.17 2 0
github.com/kuoss/venti/server/routes_api_prometheus.go:48.17,50.4 1 0
github.com/kuoss/venti/server/routes_api_prometheus.go:51.3,51.24 1 0
github.com/kuoss/venti/server/routes_api_prometheus.go:54.2,54.55 1 0
github.com/kuoss/venti/server/routes_api_prometheus.go:54.55,59.17 2 0
github.com/kuoss/venti/server/routes_api_prometheus.go:59.17,61.4 1 0
github.com/kuoss/venti/server/routes_api_prometheus.go:62.3,62.24 1 0
github.com/kuoss/venti/server/routes_api_prometheus.go:65.2,65.52 1 0
github.com/kuoss/venti/server/routes_api_prometheus.go:65.52,71.17 2 0
github.com/kuoss/venti/server/routes_api_prometheus.go:71.17,73.4 1 0
github.com/kuoss/venti/server/routes_api_prometheus.go:74.3,74.24 1 0
github.com/kuoss/venti/server/routes_api_prometheus.go:77.2,77.58 1 0
github.com/kuoss/venti/server/routes_api_prometheus.go:77.58,85.17 2 0
github.com/kuoss/venti/server/routes_api_prometheus.go:85.17,87.4 1 0
github.com/kuoss/venti/server/routes_api_prometheus.go:88.3,88.24 1 0
github.com/kuoss/venti/server/server.go:11.31,16.2 4 0
github.com/kuoss/venti/server/server.go:18.20,35.37 10 0
github.com/kuoss/venti/server/server.go:35.37,37.3 1 0
github.com/kuoss/venti/server/server.go:37.8,39.3 1 0
github.com/kuoss/venti/server/server.go:41.2,44.13 3 0
